<?xml version="1.0" encoding="UTF-8"?>
<!-- Generated by org.testng.reporters.JUnitReportReporter -->
<testsuite hostname="Sampadas-Air.attlocal.net" failures="1" tests="13" name="sauceDemo.loginClass" time="42.265" errors="0" timestamp="2023-05-01T20:00:43 CDT" skipped="9">
  <testcase classname="sauceDemo.loginClass" name="Login" time="14.531"/>
  <system-out/>
  <testcase classname="sauceDemo.loginClass" name="Login" time="11.256"/>
  <system-out/>
  <testcase classname="sauceDemo.loginClass" name="Login" time="8.577"/>
  <system-out/>
  <testcase classname="sauceDemo.loginClass" name="Login" time="7.901">
    <failure message="expected [6] but found [0]" type="java.lang.AssertionError">
      <![CDATA[java.lang.AssertionError: expected [6] but found [0]
at org.testng.Assert.fail(Assert.java:99)
at org.testng.Assert.failNotEquals(Assert.java:1037)
at org.testng.Assert.assertEqualsImpl(Assert.java:140)
at org.testng.Assert.assertEquals(Assert.java:122)
at org.testng.Assert.assertEquals(Assert.java:907)
at org.testng.Assert.assertEquals(Assert.java:917)
at sauceDemo.loginClass.Login(loginClass.java:46)
at java.base/jdk.internal.reflect.NativeMethodAccessorImpl.invoke0(Native Method)
at java.base/jdk.internal.reflect.NativeMethodAccessorImpl.invoke(NativeMethodAccessorImpl.java:77)
at java.base/jdk.internal.reflect.DelegatingMethodAccessorImpl.invoke(DelegatingMethodAccessorImpl.java:43)
at java.base/java.lang.reflect.Method.invoke(Method.java:568)
at org.testng.internal.MethodInvocationHelper.invokeMethod(MethodInvocationHelper.java:133)
at org.testng.internal.TestInvoker.invokeMethod(TestInvoker.java:598)
at org.testng.internal.TestInvoker.invokeTestMethod(TestInvoker.java:173)
at org.testng.internal.MethodRunner.runInSequence(MethodRunner.java:46)
at org.testng.internal.TestInvoker$MethodInvocationAgent.invoke(TestInvoker.java:824)
at org.testng.internal.TestInvoker.invokeTestMethods(TestInvoker.java:146)
at org.testng.internal.TestMethodWorker.invokeTestMethods(TestMethodWorker.java:146)
at org.testng.internal.TestMethodWorker.run(TestMethodWorker.java:128)
at java.base/java.util.ArrayList.forEach(ArrayList.java:1511)
at org.testng.TestRunner.privateRun(TestRunner.java:794)
at org.testng.TestRunner.run(TestRunner.java:596)
at org.testng.SuiteRunner.runTest(SuiteRunner.java:377)
at org.testng.SuiteRunner.runSequentially(SuiteRunner.java:371)
at org.testng.SuiteRunner.privateRun(SuiteRunner.java:332)
at org.testng.SuiteRunner.run(SuiteRunner.java:276)
at org.testng.SuiteRunnerWorker.runSuite(SuiteRunnerWorker.java:53)
at org.testng.SuiteRunnerWorker.run(SuiteRunnerWorker.java:96)
at org.testng.TestNG.runSuitesSequentially(TestNG.java:1212)
at org.testng.TestNG.runSuitesLocally(TestNG.java:1134)
at org.testng.TestNG.runSuites(TestNG.java:1063)
at org.testng.TestNG.run(TestNG.java:1031)
at org.testng.remote.AbstractRemoteTestNG.run(AbstractRemoteTestNG.java:115)
at org.testng.remote.RemoteTestNG.initAndRun(RemoteTestNG.java:251)
at org.testng.remote.RemoteTestNG.main(RemoteTestNG.java:77)
]]>
    </failure>
  </testcase> <!-- Login -->
  <system-out/>
  <testcase classname="sauceDemo.loginClass" name="checkOutPage">
    <skipped/>
  </testcase> <!-- checkOutPage -->
  <system-out/>
  <testcase classname="sauceDemo.loginClass" name="zToAfilter">
    <skipped/>
  </testcase> <!-- zToAfilter -->
  <system-out/>
  <testcase classname="sauceDemo.loginClass" name="highToLow">
    <skipped/>
  </testcase> <!-- highToLow -->
  <system-out/>
  <testcase classname="sauceDemo.loginClass" name="getItems">
    <skipped/>
  </testcase> <!-- getItems -->
  <system-out/>
  <testcase classname="sauceDemo.loginClass" name="filterAtoZ">
    <skipped/>
  </testcase> <!-- filterAtoZ -->
  <system-out/>
  <testcase classname="sauceDemo.loginClass" name="lowToHigh">
    <skipped/>
  </testcase> <!-- lowToHigh -->
  <system-out/>
  <testcase classname="sauceDemo.loginClass" name="verifyLogo">
    <skipped/>
  </testcase> <!-- verifyLogo -->
  <system-out/>
  <testcase classname="sauceDemo.loginClass" name="addToCart">
    <skipped/>
  </testcase> <!-- addToCart -->
  <system-out/>
  <testcase classname="sauceDemo.loginClass" name="getorder">
    <skipped/>
  </testcase> <!-- getorder -->
  <system-out/>
</testsuite> <!-- sauceDemo.loginClass -->
