<?xml version="1.0" encoding="UTF-8"?>
<!-- Generated by org.testng.reporters.JUnitReportReporter -->
<testsuite hostname="Sampadas-Air.attlocal.net" failures="0" tests="10" name="sauceDemo.sauceDemo" time="14.039" errors="0" timestamp="2023-05-01T22:20:23 CDT" skipped="9">
  <testcase classname="sauceDemo.sauceDemo" name="checkOutPage" time="14.039"/>
  <system-out/>
  <testcase classname="sauceDemo.sauceDemo" name="filterAtoZ">
    <skipped/>
  </testcase> <!-- filterAtoZ -->
  <system-out/>
  <testcase classname="sauceDemo.sauceDemo" name="zToAfilter">
    <skipped/>
  </testcase> <!-- zToAfilter -->
  <system-out/>
  <testcase classname="sauceDemo.sauceDemo" name="highToLow">
    <skipped/>
  </testcase> <!-- highToLow -->
  <system-out/>
  <testcase classname="sauceDemo.sauceDemo" name="lowToHigh">
    <skipped/>
  </testcase> <!-- lowToHigh -->
  <system-out/>
  <testcase classname="sauceDemo.sauceDemo" name="getItems">
    <skipped/>
  </testcase> <!-- getItems -->
  <system-out/>
  <testcase classname="sauceDemo.sauceDemo" name="verifyLogo">
    <skipped/>
  </testcase> <!-- verifyLogo -->
  <system-out/>
  <testcase classname="sauceDemo.sauceDemo" name="getorder">
    <skipped/>
  </testcase> <!-- getorder -->
  <system-out/>
  <testcase classname="sauceDemo.sauceDemo" name="Login">
    <skipped/>
  </testcase> <!-- Login -->
  <system-out/>
  <testcase classname="sauceDemo.sauceDemo" name="addToCart">
    <skipped/>
  </testcase> <!-- addToCart -->
  <system-out/>
</testsuite> <!-- sauceDemo.sauceDemo -->
