<?xml version="1.0" encoding="UTF-8"?>
<!-- Generated by org.testng.reporters.JUnitReportReporter -->
<testsuite hostname="Sampadas-Air.attlocal.net" failures="0" tests="3" name="sauceDemo.jquery" time="23.783" errors="0" timestamp="2023-05-02T21:50:59 CDT" skipped="0">
  <testcase classname="sauceDemo.jquery" name="droppableJquery" time="10.768"/>
  <system-out/>
  <testcase classname="sauceDemo.jquery" name="verifyCurrentUrl" time="6.330"/>
  <system-out/>
  <testcase classname="sauceDemo.jquery" name="verifyTitle" time="6.685"/>
  <system-out/>
</testsuite> <!-- sauceDemo.jquery -->
